Start testing: Sep 13 16:34 MSK
----------------------------------------------------------
1/1 Testing: MyTest
1/1 Test: MyTest
Command: "/home/ubuntu/yarosoon/workspace/projects/my-project/build/MyExecutable"
Directory: /home/ubuntu/yarosoon/workspace/projects/my-project/build
"MyTest" start time: Sep 13 16:34 MSK
Output:
----------------------------------------------------------
output -1
<end of output>
Test time =   0.01 sec
----------------------------------------------------------
Test Passed.
"MyTest" end time: Sep 13 16:34 MSK
"MyTest" time elapsed: 00:00:00
----------------------------------------------------------

End testing: Sep 13 16:34 MSK
